<?xml version="1.0" encoding="UTF-8"?>
<!-- Generated by org.testng.reporters.JUnitReportReporter -->
<testsuite skipped="0" hostname="LAPTOP-UOKEBTDB" name="com.TestNg.Demo" tests="3" failures="0" timestamp="2022-02-06T23:18:52 IST" time="0.024" errors="0">
  <testcase name="women" time="0.008" classname="com.TestNg.Demo"/>
  <system-out/>
  <testcase name="men" time="0.008" classname="com.TestNg.Demo"/>
  <system-out/>
  <testcase name="child" time="0.008" classname="com.TestNg.Demo"/>
  <system-out/>
</testsuite> <!-- com.TestNg.Demo -->
