<?xml version="1.0" encoding="UTF-8"?>
<!-- Generated by org.testng.reporters.JUnitReportReporter -->
<testsuite skipped="0" hostname="LAPTOP-UOKEBTDB" name="com.TestNg.Demo_Priority" tests="4" failures="0" timestamp="2022-02-11T11:31:35 IST" time="0.081" errors="0">
  <testcase name="women" time="0.023" classname="com.TestNg.Demo_Priority"/>
  <system-out/>
  <testcase name="women" time="0.013" classname="com.TestNg.Demo_Priority"/>
  <system-out/>
  <testcase name="men" time="0.042" classname="com.TestNg.Demo_Priority"/>
  <system-out/>
  <testcase name="child" time="0.003" classname="com.TestNg.Demo_Priority"/>
  <system-out/>
</testsuite> <!-- com.TestNg.Demo_Priority -->
